2022-06-02 11:28:01,009 INFO  [org.jboss.modules] (main) JBoss Modules version 1.3.3.Final
2022-06-02 11:28:01,172 INFO  [org.jboss.msc] (main) JBoss MSC version 1.2.2.Final
2022-06-02 11:28:01,237 INFO  [org.jboss.as] (MSC service thread 1-6) JBAS015899: WildFly 8.2.1.Final "Tweek" starting
2022-06-02 11:28:01,242 DEBUG [org.jboss.as.config] (MSC service thread 1-6) Configured system properties:
	awt.toolkit = sun.awt.windows.WToolkit
	file.encoding = Cp1252
	file.encoding.pkg = sun.io
	file.separator = \
	java.awt.graphicsenv = sun.awt.Win32GraphicsEnvironment
	java.awt.headless = true
	java.awt.printerjob = sun.awt.windows.WPrinterJob
	java.class.path = C:\repositorio\wildfly-8.2.1.Final\jboss-modules.jar
	java.class.version = 52.0
	java.endorsed.dirs = C:\Program Files\Java\jdk1.8.0_202\jre\lib\endorsed
	java.ext.dirs = C:\Program Files\Java\jdk1.8.0_202\jre\lib\ext;C:\windows\Sun\Java\lib\ext
	java.home = C:\Program Files\Java\jdk1.8.0_202\jre
	java.io.tmpdir = C:\Users\rhuanp\AppData\Local\Temp\
	java.library.path = C:\Program Files\Java\jdk1.8.0_202\bin;C:\windows\Sun\Java\bin;C:\windows\system32;C:\windows;native;C:/Users/rhuanp/Desktop/eclipse//plugins/org.eclipse.justj.openjdk.hotspot.jre.full.win32.x86_64_17.0.2.v20220201-1208/jre/bin/server;C:/Users/rhuanp/Desktop/eclipse//plugins/org.eclipse.justj.openjdk.hotspot.jre.full.win32.x86_64_17.0.2.v20220201-1208/jre/bin;C:\Program Files\Eclipse Adoptium\jdk-11.0.15.10-hotspot\bin;C:\Program Files\Eclipse Adoptium\jdk-17.0.3.7-hotspot\bin;C:\Program Files\Common Files\Oracle\Java\javapath;C:\windows\system32;C:\windows;C:\windows\System32\Wbem;C:\windows\System32\WindowsPowerShell\v1.0\;C:\windows\System32\OpenSSH\;C:\Program Files (x86)\GitExtensions\;C:\Program Files\PuTTY\;C:\Program Files\TortoiseSVN\bin;C:\Program Files\Eclipse Adoptium\jdk-11.0.15.10-hotspot\\bin;C:\Program Files\Docker\Docker\resources\bin;C:\ProgramData\DockerDesktop\version-bin;C:\apache-maven-3.6.3\bin;C:\Users\rhuanp\AppData\Local\Microsoft\WindowsApps;C:\Users\rhuanp\AppData\Local\Programs\Microsoft VS Code\bin;C:\Users\rhuanp\AppData\Local\Programs\Git\cmd;C:\Users\rhuanp\Desktop\eclipse;;.
	java.net.preferIPv4Stack = true
	java.runtime.name = Java(TM) SE Runtime Environment
	java.runtime.version = 1.8.0_202-b08
	java.specification.name = Java Platform API Specification
	java.specification.vendor = Oracle Corporation
	java.specification.version = 1.8
	java.util.logging.manager = org.jboss.logmanager.LogManager
	java.vendor = Oracle Corporation
	java.vendor.url = http://java.oracle.com/
	java.vendor.url.bug = http://bugreport.sun.com/bugreport/
	java.version = 1.8.0_202
	java.vm.info = mixed mode
	java.vm.name = Java HotSpot(TM) 64-Bit Server VM
	java.vm.specification.name = Java Virtual Machine Specification
	java.vm.specification.vendor = Oracle Corporation
	java.vm.specification.version = 1.8
	java.vm.vendor = Oracle Corporation
	java.vm.version = 25.202-b08
	javax.management.builder.initial = org.jboss.as.jmx.PluggableMBeanServerBuilder
	javax.xml.datatype.DatatypeFactory = __redirected.__DatatypeFactory
	javax.xml.parsers.DocumentBuilderFactory = __redirected.__DocumentBuilderFactory
	javax.xml.parsers.SAXParserFactory = __redirected.__SAXParserFactory
	javax.xml.stream.XMLEventFactory = __redirected.__XMLEventFactory
	javax.xml.stream.XMLInputFactory = __redirected.__XMLInputFactory
	javax.xml.stream.XMLOutputFactory = __redirected.__XMLOutputFactory
	javax.xml.transform.TransformerFactory = __redirected.__TransformerFactory
	javax.xml.validation.SchemaFactory:http://www.w3.org/2001/XMLSchema = __redirected.__SchemaFactory
	javax.xml.xpath.XPathFactory:http://java.sun.com/jaxp/xpath/dom = __redirected.__XPathFactory
	jboss.bind.address = localhost
	jboss.bind.address.management = localhost
	jboss.home.dir = C:\repositorio\wildfly-8.2.1.Final
	jboss.host.name = ak129468
	jboss.modules.dir = C:\repositorio\wildfly-8.2.1.Final\modules
	jboss.modules.system.pkgs = org.jboss.byteman
	jboss.node.name = ak129468
	jboss.qualified.host.name = ak129468
	jboss.server.base.dir = C:\repositorio\wildfly-8.2.1.Final\standalone
	jboss.server.config.dir = C:\repositorio\wildfly-8.2.1.Final\standalone\configuration
	jboss.server.data.dir = C:\repositorio\wildfly-8.2.1.Final\standalone\data
	jboss.server.deploy.dir = C:\repositorio\wildfly-8.2.1.Final\standalone\data\content
	jboss.server.log.dir = C:\repositorio\wildfly-8.2.1.Final\standalone\log
	jboss.server.name = ak129468
	jboss.server.persist.config = true
	jboss.server.temp.dir = C:\repositorio\wildfly-8.2.1.Final\standalone\tmp
	line.separator = 

	logging.configuration = file:C:\repositorio\wildfly-8.2.1.Final\standalone\configuration\logging.properties
	module.path = C:\repositorio\wildfly-8.2.1.Final\modules
	org.jboss.boot.log.file = C:\repositorio\wildfly-8.2.1.Final\standalone\log\boot.log
	org.jboss.logmanager.nocolor = true
	org.jboss.resolver.warning = true
	org.xml.sax.driver = __redirected.__XMLReaderFactory
	os.arch = amd64
	os.name = Windows 10
	os.version = 10.0
	path.separator = ;
	program.name = JBossTools: WildFly 8.x
	sun.arch.data.model = 64
	sun.boot.class.path = C:\Program Files\Java\jdk1.8.0_202\jre\lib\resources.jar;C:\Program Files\Java\jdk1.8.0_202\jre\lib\rt.jar;C:\Program Files\Java\jdk1.8.0_202\jre\lib\sunrsasign.jar;C:\Program Files\Java\jdk1.8.0_202\jre\lib\jsse.jar;C:\Program Files\Java\jdk1.8.0_202\jre\lib\jce.jar;C:\Program Files\Java\jdk1.8.0_202\jre\lib\charsets.jar;C:\Program Files\Java\jdk1.8.0_202\jre\lib\jfr.jar;C:\Program Files\Java\jdk1.8.0_202\jre\classes
	sun.boot.library.path = C:\Program Files\Java\jdk1.8.0_202\jre\bin
	sun.cpu.endian = little
	sun.cpu.isalist = amd64
	sun.desktop = windows
	sun.io.unicode.encoding = UnicodeLittle
	sun.java.command = org.jboss.modules.Main -mp C:\repositorio\wildfly-8.2.1.Final\modules -jaxpmodule javax.xml.jaxp-provider -jaxpmodule javax.xml.jaxp-provider org.jboss.as.standalone -b localhost --server-config=standalone.xml -Djboss.server.base.dir=C:\repositorio\wildfly-8.2.1.Final\standalone
	sun.java.launcher = SUN_STANDARD
	sun.jnu.encoding = Cp1252
	sun.management.compiler = HotSpot 64-Bit Tiered Compilers
	sun.os.patch.level = 
	sun.rmi.dgc.client.gcInterval = 3600000
	sun.rmi.dgc.server.gcInterval = 3600000
	user.country = BR
	user.dir = C:\repositorio\wildfly-8.2.1.Final\bin
	user.home = C:\Users\rhuanp
	user.language = pt
	user.name = rhuanp
	user.script = 
	user.timezone = America/Sao_Paulo
	user.variant = 
2022-06-02 11:28:01,244 DEBUG [org.jboss.as.config] (MSC service thread 1-6) VM Arguments: -Dprogram.name=JBossTools: WildFly 8.x -Xms64m -Xmx512m -XX:MaxPermSize=256m -Dorg.jboss.resolver.warning=true -Djava.net.preferIPv4Stack=true -Dsun.rmi.dgc.client.gcInterval=3600000 -Dsun.rmi.dgc.server.gcInterval=3600000 -Djboss.modules.system.pkgs=org.jboss.byteman -Djava.awt.headless=true -Dorg.jboss.boot.log.file=C:\repositorio\wildfly-8.2.1.Final\standalone\log\boot.log -Dlogging.configuration=file:C:\repositorio\wildfly-8.2.1.Final\standalone\configuration\logging.properties -Djboss.home.dir=C:\repositorio\wildfly-8.2.1.Final -Dorg.jboss.logmanager.nocolor=true -Djboss.bind.address.management=localhost -Dfile.encoding=Cp1252 
2022-06-02 11:28:02,358 INFO  [org.jboss.as.server.deployment.scanner] (DeploymentScanner-threads - 1) JBAS015003: Found vida-service.ear in deployment directory. To trigger deployment create a file called vida-service.ear.dodeploy
2022-06-02 11:28:02,368 INFO  [org.jboss.as.server] (Controller Boot Thread) JBAS015888: Creating http management service using socket-binding (management-http)
2022-06-02 11:28:02,382 INFO  [org.xnio] (MSC service thread 1-11) XNIO version 3.3.0.Final
2022-06-02 11:28:02,388 INFO  [org.xnio.nio] (MSC service thread 1-11) XNIO NIO Implementation Version 3.3.0.Final
